<?xml version="1.0" encoding="UTF-8"?>
<testsuite name="com.acme.AppTest" tests="1" skipped="0" failures="0" errors="0" timestamp="2023-02-21T13:38:53" hostname="UNKNOWN" time="0.003">
  <properties/>
  <testcase name="testAppHasAGreeting" classname="com.acme.AppTest" time="0.003"/>
  <system-out><![CDATA[]]></system-out>
  <system-err><![CDATA[]]></system-err>
</testsuite>
