<?xml version="1.0" encoding="UTF-8"?>
<testsuite name="com.acme.AppTest" tests="1" skipped="0" failures="0" errors="0" timestamp="2023-02-16T17:29:19" hostname="UNKNOWN" time="0.011">
  <properties/>
  <testcase name="testAppHasAGreeting" classname="com.acme.AppTest" time="0.011"/>
  <system-out><![CDATA[]]></system-out>
  <system-err><![CDATA[]]></system-err>
</testsuite>
